2018-08-13 23:45:30,590 - main.py[line:47] - INFO: user 1 loggin.
2018-08-13 23:46:20,024 - main.py[line:47] - INFO: user 1 loggin.
2018-08-13 23:50:39,762 - main.py[line:47] - INFO: user 1 loggin.
2018-08-13 23:50:39,762 - main.py[line:47] - INFO: user 1 loggin.
2018-08-13 23:52:09,021 - main.py[line:47] - INFO: user 1 loggin.
2018-08-13 23:53:24,966 - main.py[line:47] - INFO: user 1 loggin.
2018-08-13 23:55:47,858 - main.py[line:47] - INFO: user 1 loggin.
2018-08-13 23:56:18,937 - main.py[line:47] - INFO: user 1 loggin.
2018-08-14 00:05:26,613 - main.py[line:47] - INFO: user 2 loggin.
2018-08-14 00:05:36,214 - logics.py[line:9] - INFO: current credit is 15000, current balance is 2000
2018-08-14 00:26:55,227 - main.py[line:47] - INFO: user 1 loggin.
2018-08-14 00:26:58,176 - logics.py[line:9] - INFO: current credit is 15000, current balance is 2000
2018-08-14 00:27:00,799 - logics.py[line:18] - INFO: user 1 withdraw 100.0
2018-08-14 00:27:00,799 - logics.py[line:20] - INFO: current credit is 15000, current balance is 1895.0
2018-08-14 00:27:41,449 - main.py[line:47] - INFO: user 1 loggin.
2018-08-14 00:27:43,393 - logics.py[line:9] - INFO: current credit is 15000, current balance is 2000
2018-08-14 00:27:45,126 - logics.py[line:18] - INFO: user 1 withdraw 100.0
2018-08-14 00:27:45,127 - logics.py[line:20] - INFO: current credit is 15000, current balance is 1895.0
2018-08-14 00:35:38,366 - main.py[line:47] - INFO: user 1 loggin.
2018-08-14 00:35:40,438 - logics.py[line:12] - INFO: current credit is 15000, current balance is 2000
2018-08-14 00:35:42,841 - logics.py[line:21] - INFO: user 1 withdraw 100.0
2018-08-14 00:35:42,841 - logics.py[line:23] - INFO: current credit is 15000, current balance is 1895.0
2018-08-14 00:55:55,275 - main.py[line:47] - INFO: user 1 loggin.
2018-08-14 00:57:54,117 - main.py[line:47] - INFO: user 1 loggin.
2018-08-14 00:58:08,750 - logics.py[line:12] - INFO: current credit is 15000, current balance is 1895.0
2018-08-14 00:58:11,398 - logics.py[line:19] - INFO: user 1 withdraw 200.0
2018-08-14 00:58:11,398 - logics.py[line:21] - INFO: current credit is 15000, current balance is 1685.0
2018-08-14 00:58:46,680 - main.py[line:47] - INFO: user 1 loggin.
2018-08-14 00:58:52,861 - logics.py[line:12] - INFO: current credit is 15000, current balance is 1895.0
2018-08-14 00:58:54,322 - logics.py[line:19] - INFO: user 1 withdraw 200.0
2018-08-14 00:58:54,322 - logics.py[line:21] - INFO: current credit is 15000, current balance is 1685.0
2018-08-14 00:59:00,078 - logics.py[line:39] - INFO: current credit is 15000, current balance is 1685.0
2018-08-14 00:59:02,157 - logics.py[line:45] - INFO: user 1 repay 100.0
2018-08-14 00:59:02,157 - logics.py[line:47] - INFO: current credit is 15000, current balance is 1785.0
